[28-Apr-2026 20:18:55 UTC] PHP Warning:  Undefined variable $categories in C:\XAMPP2\htdocs\bloxer\dashboard.php on line 905
[28-Apr-2026 20:18:55 UTC] PHP Warning:  foreach() argument must be of type array|object, null given in C:\XAMPP2\htdocs\bloxer\dashboard.php on line 905
[28-Apr-2026 20:18:59 UTC] PHP Warning:  Undefined variable $categories in C:\XAMPP2\htdocs\bloxer\dashboard.php on line 905
[28-Apr-2026 20:18:59 UTC] PHP Warning:  foreach() argument must be of type array|object, null given in C:\XAMPP2\htdocs\bloxer\dashboard.php on line 905
[28-Apr-2026 20:19:02 UTC] PHP Fatal error:  Uncaught mysqli_sql_exception: Table 'bloxer_db.offers' doesn't exist in C:\XAMPP2\htdocs\bloxer\dashboard.php:298
Stack trace:
#0 C:\XAMPP2\htdocs\bloxer\dashboard.php(298): mysqli->prepare('SELECT o.*, a.t...')
#1 {main}
  thrown in C:\XAMPP2\htdocs\bloxer\dashboard.php on line 298
[28-Apr-2026 20:19:03 UTC] PHP Warning:  Undefined variable $categories in C:\XAMPP2\htdocs\bloxer\dashboard.php on line 905
[28-Apr-2026 20:19:03 UTC] PHP Warning:  foreach() argument must be of type array|object, null given in C:\XAMPP2\htdocs\bloxer\dashboard.php on line 905
[28-Apr-2026 20:19:05 UTC] PHP Warning:  Undefined variable $categories in C:\XAMPP2\htdocs\bloxer\dashboard.php on line 905
[28-Apr-2026 20:19:05 UTC] PHP Warning:  foreach() argument must be of type array|object, null given in C:\XAMPP2\htdocs\bloxer\dashboard.php on line 905
[28-Apr-2026 20:19:06 UTC] PHP Warning:  Undefined variable $categories in C:\XAMPP2\htdocs\bloxer\dashboard.php on line 905
[28-Apr-2026 20:19:06 UTC] PHP Warning:  foreach() argument must be of type array|object, null given in C:\XAMPP2\htdocs\bloxer\dashboard.php on line 905
[28-Apr-2026 20:19:08 UTC] PHP Fatal error:  Uncaught Error: Undefined constant "scrolled" in C:\XAMPP2\htdocs\bloxer\project-templates-complete.php:37
Stack trace:
#0 C:\XAMPP2\htdocs\bloxer\project-templates-complete.php(87): getProjectTemplates()
#1 {main}
  thrown in C:\XAMPP2\htdocs\bloxer\project-templates-complete.php on line 37
[28-Apr-2026 20:19:08 UTC] PHP Warning:  Undefined variable $categories in C:\XAMPP2\htdocs\bloxer\dashboard.php on line 905
[28-Apr-2026 20:19:08 UTC] PHP Warning:  foreach() argument must be of type array|object, null given in C:\XAMPP2\htdocs\bloxer\dashboard.php on line 905
[28-Apr-2026 20:19:11 UTC] PHP Warning:  Undefined variable $categories in C:\XAMPP2\htdocs\bloxer\dashboard.php on line 905
[28-Apr-2026 20:19:11 UTC] PHP Warning:  foreach() argument must be of type array|object, null given in C:\XAMPP2\htdocs\bloxer\dashboard.php on line 905
[28-Apr-2026 20:19:13 UTC] PHP Warning:  Undefined variable $categories in C:\XAMPP2\htdocs\bloxer\dashboard.php on line 905
[28-Apr-2026 20:19:13 UTC] PHP Warning:  foreach() argument must be of type array|object, null given in C:\XAMPP2\htdocs\bloxer\dashboard.php on line 905
[28-Apr-2026 20:19:14 UTC] PHP Warning:  Undefined variable $categories in C:\XAMPP2\htdocs\bloxer\dashboard.php on line 905
[28-Apr-2026 20:19:14 UTC] PHP Warning:  foreach() argument must be of type array|object, null given in C:\XAMPP2\htdocs\bloxer\dashboard.php on line 905
[28-Apr-2026 20:19:21 UTC] PHP Fatal error:  Uncaught Error: Undefined constant "scrolled" in C:\XAMPP2\htdocs\bloxer\project-templates-complete.php:37
Stack trace:
#0 C:\XAMPP2\htdocs\bloxer\project-templates-complete.php(87): getProjectTemplates()
#1 {main}
  thrown in C:\XAMPP2\htdocs\bloxer\project-templates-complete.php on line 37
[28-Apr-2026 20:19:22 UTC] PHP Warning:  Undefined variable $categories in C:\XAMPP2\htdocs\bloxer\dashboard.php on line 905
[28-Apr-2026 20:19:22 UTC] PHP Warning:  foreach() argument must be of type array|object, null given in C:\XAMPP2\htdocs\bloxer\dashboard.php on line 905
[28-Apr-2026 20:19:23 UTC] PHP Warning:  Undefined variable $categories in C:\XAMPP2\htdocs\bloxer\dashboard.php on line 905
[28-Apr-2026 20:19:23 UTC] PHP Warning:  foreach() argument must be of type array|object, null given in C:\XAMPP2\htdocs\bloxer\dashboard.php on line 905
[28-Apr-2026 20:19:26 UTC] PHP Warning:  Undefined variable $categories in C:\XAMPP2\htdocs\bloxer\dashboard.php on line 905
[28-Apr-2026 20:19:26 UTC] PHP Warning:  foreach() argument must be of type array|object, null given in C:\XAMPP2\htdocs\bloxer\dashboard.php on line 905
[28-Apr-2026 20:19:28 UTC] PHP Warning:  Undefined variable $categories in C:\XAMPP2\htdocs\bloxer\dashboard.php on line 905
[28-Apr-2026 20:19:28 UTC] PHP Warning:  foreach() argument must be of type array|object, null given in C:\XAMPP2\htdocs\bloxer\dashboard.php on line 905
[28-Apr-2026 20:42:55 UTC] PHP Warning:  session_start(): Session cannot be started after headers have already been sent in C:\XAMPP2\htdocs\bloxer\mainlogincore.php on line 29
[30-Apr-2026 06:42:07 UTC] PHP Fatal error:  Cannot redeclare AuthCore::getConnection() in C:\XAMPP2\htdocs\bloxer\controllers\core\mainlogincore.php on line 388
[30-Apr-2026 06:42:18 UTC] PHP Fatal error:  Cannot redeclare AuthCore::getConnection() in C:\XAMPP2\htdocs\bloxer\controllers\core\mainlogincore.php on line 388
[30-Apr-2026 06:42:19 UTC] PHP Fatal error:  Cannot redeclare AuthCore::getConnection() in C:\XAMPP2\htdocs\bloxer\controllers\core\mainlogincore.php on line 388
